[2024-06-11T05:43:09.617+0000] {local_task_job_runner.py:120} INFO - ::group::Pre task execution logs
[2024-06-11T05:43:09.640+0000] {taskinstance.py:2076} INFO - Dependencies all met for dep_context=non-requeueable deps ti=<TaskInstance: hello_word.process_file manual__2024-06-11T05:43:07.497021+00:00 map_index=0 [queued]>
[2024-06-11T05:43:09.650+0000] {taskinstance.py:2076} INFO - Dependencies all met for dep_context=requeueable deps ti=<TaskInstance: hello_word.process_file manual__2024-06-11T05:43:07.497021+00:00 map_index=0 [queued]>
[2024-06-11T05:43:09.651+0000] {taskinstance.py:2306} INFO - Starting attempt 1 of 1
[2024-06-11T05:43:09.704+0000] {taskinstance.py:2330} INFO - Executing <Mapped(PythonOperator): process_file> on 2024-06-11 05:43:07.497021+00:00
[2024-06-11T05:43:09.709+0000] {warnings.py:112} WARNING - /home/***/.local/lib/python3.12/site-packages/***/task/task_runner/standard_task_runner.py:61: DeprecationWarning: This process (pid=2010) is multi-threaded, use of fork() may lead to deadlocks in the child.
  pid = os.fork()

[2024-06-11T05:43:09.710+0000] {standard_task_runner.py:63} INFO - Started process 2011 to run task
[2024-06-11T05:43:09.710+0000] {standard_task_runner.py:90} INFO - Running: ['***', 'tasks', 'run', 'hello_word', 'process_file', 'manual__2024-06-11T05:43:07.497021+00:00', '--job-id', '101', '--raw', '--subdir', 'DAGS_FOLDER/simple_hello_world.py', '--cfg-path', '/tmp/tmp_6art_y0', '--map-index', '0']
[2024-06-11T05:43:09.711+0000] {standard_task_runner.py:91} INFO - Job 101: Subtask process_file
[2024-06-11T05:43:09.870+0000] {task_command.py:426} INFO - Running <TaskInstance: hello_word.process_file manual__2024-06-11T05:43:07.497021+00:00 map_index=0 [running]> on host 678b3b027d57
[2024-06-11T05:43:09.950+0000] {taskinstance.py:2648} INFO - Exporting env vars: AIRFLOW_CTX_DAG_OWNER='Anudeep' AIRFLOW_CTX_DAG_ID='hello_word' AIRFLOW_CTX_TASK_ID='process_file' AIRFLOW_CTX_EXECUTION_DATE='2024-06-11T05:43:07.497021+00:00' AIRFLOW_CTX_TRY_NUMBER='1' AIRFLOW_CTX_DAG_RUN_ID='manual__2024-06-11T05:43:07.497021+00:00'
[2024-06-11T05:43:09.962+0000] {taskinstance.py:430} INFO - ::endgroup::
[2024-06-11T05:43:09.991+0000] {taskinstance.py:441} INFO - ::group::Post task execution logs
[2024-06-11T05:43:09.995+0000] {taskinstance.py:2905} ERROR - Task failed with exception
Traceback (most recent call last):
  File "/home/airflow/.local/lib/python3.12/site-packages/airflow/models/taskinstance.py", line 465, in _execute_task
    result = _execute_callable(context=context, **execute_callable_kwargs)
             ^^^^^^^^^^^^^^^^^^^^^^^^^^^^^^^^^^^^^^^^^^^^^^^^^^^^^^^^^^^^^
  File "/home/airflow/.local/lib/python3.12/site-packages/airflow/models/taskinstance.py", line 432, in _execute_callable
    return execute_callable(context=context, **execute_callable_kwargs)
           ^^^^^^^^^^^^^^^^^^^^^^^^^^^^^^^^^^^^^^^^^^^^^^^^^^^^^^^^^^^^
  File "/home/airflow/.local/lib/python3.12/site-packages/airflow/models/baseoperator.py", line 401, in wrapper
    return func(self, *args, **kwargs)
           ^^^^^^^^^^^^^^^^^^^^^^^^^^^
  File "/home/airflow/.local/lib/python3.12/site-packages/airflow/operators/python.py", line 235, in execute
    return_value = self.execute_callable()
                   ^^^^^^^^^^^^^^^^^^^^^^^
  File "/home/airflow/.local/lib/python3.12/site-packages/airflow/operators/python.py", line 252, in execute_callable
    return self.python_callable(*self.op_args, **self.op_kwargs)
           ^^^^^^^^^^^^^^^^^^^^^^^^^^^^^^^^^^^^^^^^^^^^^^^^^^^^^
TypeError: length_of_file() takes 1 positional argument but 39 were given
[2024-06-11T05:43:10.004+0000] {taskinstance.py:1206} INFO - Marking task as FAILED. dag_id=hello_word, task_id=process_file, run_id=manual__2024-06-11T05:43:07.497021+00:00, map_index=0, execution_date=20240611T054307, start_date=20240611T054309, end_date=20240611T054310
[2024-06-11T05:43:10.017+0000] {standard_task_runner.py:110} ERROR - Failed to execute job 101 for task process_file (length_of_file() takes 1 positional argument but 39 were given; 2011)
[2024-06-11T05:43:10.045+0000] {local_task_job_runner.py:240} INFO - Task exited with return code 1
[2024-06-11T05:43:10.057+0000] {taskinstance.py:3503} INFO - 0 downstream tasks scheduled from follow-on schedule check
[2024-06-11T05:43:10.061+0000] {local_task_job_runner.py:222} INFO - ::endgroup::
